<?xml version="1.0" encoding="UTF-8"?>
<!-- Generated by org.testng.reporters.JUnitReportReporter -->
<testsuite hostname="LAPTOP-30NP46AF" failures="0" tests="1" name="Folder1.Practice2" time="0.005" errors="0" timestamp="2022-03-11T21:42:57 IST" skipped="0">
  <testcase classname="Folder1.Practice2" name="validateTitle" time="0.005"/>
  <system-out/>
</testsuite> <!-- Folder1.Practice2 -->
