<?xml version="1.0" encoding="UTF-8"?>
<!-- Generated by org.testng.reporters.JUnitReportReporter -->
<testsuite hostname="LAPTOP-30NP46AF" failures="0" tests="1" name="Functional.Practice2" time="0.004" errors="0" timestamp="2022-03-11T21:53:10 IST" skipped="0">
  <testcase classname="Functional.Practice2" name="validateTitle" time="0.004"/>
  <system-out/>
</testsuite> <!-- Functional.Practice2 -->
