<?xml version="1.0" encoding="UTF-8"?>
<!-- Generated by org.testng.reporters.JUnitReportReporter -->
<testsuite hostname="LAPTOP-30NP46AF" failures="0" tests="2" name="Functional.Practice1" time="0.005" errors="0" timestamp="2022-03-11T21:53:10 IST" skipped="0">
  <testcase classname="Functional.Practice1" name="login" time="0.004"/>
  <system-out/>
  <testcase classname="Functional.Practice1" name="navigateToexpense" time="0.001"/>
  <system-out/>
</testsuite> <!-- Functional.Practice1 -->
