<?xml version="1.0" encoding="UTF-8"?>
<!-- Generated by org.testng.reporters.JUnitReportReporter -->
<testsuite hostname="LAPTOP-30NP46AF" failures="0" tests="3" name="Functional.Practice3" time="0.001" errors="0" timestamp="2022-03-11T21:53:10 IST" skipped="0">
  <testcase classname="Functional.Practice3" name="reg" time="0.001"/>
  <system-out/>
  <testcase classname="Functional.Practice3" name="login" time="0.000"/>
  <system-out/>
  <testcase classname="Functional.Practice3" name="driver" time="0.000"/>
  <system-out/>
</testsuite> <!-- Functional.Practice3 -->
