<?xml version="1.0" encoding="UTF-8"?>
<!-- Generated by org.testng.reporters.JUnitReportReporter -->
<testsuite hostname="LAPTOP-30NP46AF" failures="0" tests="1" name="Regression.Reg_Practice1" time="0.003" errors="0" timestamp="2022-03-11T21:53:10 IST" skipped="0">
  <testcase classname="Regression.Reg_Practice1" name="Test1" time="0.003"/>
  <system-out/>
</testsuite> <!-- Regression.Reg_Practice1 -->
