<?xml version="1.0" encoding="UTF-8"?>
<!-- Generated by org.testng.reporters.JUnitReportReporter -->
<testsuite hostname="LAPTOP-30NP46AF" failures="0" tests="3" name="Folder1.Practice3" time="0.003" errors="0" timestamp="2022-03-11T21:42:57 IST" skipped="0">
  <testcase classname="Folder1.Practice3" name="driver" time="0.001"/>
  <system-out/>
  <testcase classname="Folder1.Practice3" name="reg" time="0.001"/>
  <system-out/>
  <testcase classname="Folder1.Practice3" name="login" time="0.001"/>
  <system-out/>
</testsuite> <!-- Folder1.Practice3 -->
